#
# There is insufficient memory for the Java Runtime Environment to continue.
# Native memory allocation (malloc) failed to allocate 667696 bytes for Chunk::new
# Possible reasons:
#   The system is out of physical RAM or swap space
#   The process is running with CompressedOops enabled, and the Java Heap may be blocking the growth of the native heap
# Possible solutions:
#   Reduce memory load on the system
#   Increase physical memory or swap space
#   Check if swap backing store is full
#   Decrease Java heap size (-Xmx/-Xms)
#   Decrease number of Java threads
#   Decrease Java thread stack sizes (-Xss)
#   Set larger code cache with -XX:ReservedCodeCacheSize=
#   JVM is running with Unscaled Compressed Oops mode in which the Java heap is
#     placed in the first 4GB address space. The Java Heap base address is the
#     maximum limit for the native heap growth. Please use -XX:HeapBaseMinAddress
#     to set the Java Heap base and to place the Java Heap above 4GB virtual address.
# This output file may be truncated or incomplete.
#
#  Out of Memory Error (./src/hotspot/share/memory/arena.cpp:197), pid=9964, tid=16092
#
# JRE version: OpenJDK Runtime Environment Corretto-11.0.12.7.1 (11.0.12+7) (build 11.0.12+7-LTS)
# Java VM: OpenJDK 64-Bit Server VM Corretto-11.0.12.7.1 (11.0.12+7-LTS, mixed mode, tiered, compressed oops, g1 gc, windows-amd64)
# No core dump will be written. Minidumps are not enabled by default on client versions of Windows
#

---------------  S U M M A R Y ------------

Command Line: --add-opens=java.base/java.util=ALL-UNNAMED --add-opens=java.base/java.lang=ALL-UNNAMED --add-opens=java.base/java.lang.invoke=ALL-UNNAMED --add-opens=java.base/java.util=ALL-UNNAMED --add-opens=java.prefs/java.util.prefs=ALL-UNNAMED --add-opens=java.prefs/java.util.prefs=ALL-UNNAMED --add-opens=java.base/java.nio.charset=ALL-UNNAMED --add-opens=java.base/java.net=ALL-UNNAMED --add-opens=java.base/java.util.concurrent.atomic=ALL-UNNAMED -Xmx2048m -Dfile.encoding=UTF-8 -Duser.country=CN -Duser.language=zh -Duser.variant org.gradle.launcher.daemon.bootstrap.GradleDaemon 7.0.2

Host: Intel(R) Core(TM) i7-7500U CPU @ 2.70GHz, 4 cores, 15G,  Windows 10 , 64 bit Build 19041 (10.0.19041.1348)
Time: Fri Nov 19 14:31:11 2021 中国标准时间 elapsed time: 12735.747590 seconds (0d 3h 32m 15s)

---------------  T H R E A D  ---------------

Current thread (0x000001ebf9dae800):  JavaThread "C2 CompilerThread0" daemon [_thread_in_native, id=16092, stack(0x0000002eb9000000,0x0000002eb9100000)]


Current CompileTask:
C2:12735747 29093       4       com.android.build.gradle.options.ProjectOptions$OptionValue::access$000 (5 bytes)

Stack: [0x0000002eb9000000,0x0000002eb9100000]
Native frames: (J=compiled Java code, j=interpreted, Vv=VM code, C=native code)
V  [jvm.dll+0x601d7a]
V  [jvm.dll+0x78b45e]
V  [jvm.dll+0x78cb2f]
V  [jvm.dll+0x78d1f3]
V  [jvm.dll+0x24bc58]
V  [jvm.dll+0xc219c]
V  [jvm.dll+0xc275c]
V  [jvm.dll+0x2bdc14]
V  [jvm.dll+0x512c49]
V  [jvm.dll+0x206b8e]
V  [jvm.dll+0x2045fa]
V  [jvm.dll+0x18990c]
V  [jvm.dll+0x213b57]
V  [jvm.dll+0x211d1b]
V  [jvm.dll+0x74f509]
V  [jvm.dll+0x748574]
V  [jvm.dll+0x600c16]
C  [ucrtbase.dll+0x21bb2]
C  [KERNEL32.DLL+0x17034]
C  [ntdll.dll+0x52651]


---------------  P R O C E S S  ---------------

Threads class SMR info:
_java_thread_list=0x000001eb95058470, length=57, elements={
0x000001ebe7d53800, 
[error occurred during error reporting (printing all threads), id 0xc0000005, EXCEPTION_ACCESS_VIOLATION (0xc0000005) at pc=0x00007ff8d1f44013]

VM state:at safepoint (normal execution)

VM Mutex/Monitor currently owned by a thread:  ([mutex/lock_event])
[0x000001ebe7d4fd60] Threads_lock - owner thread: 0x000001ebf9d33800

Heap address: 0x0000000080000000, size: 2048 MB, Compressed Oops mode: 32-bit
Narrow klass base: 0x0000000000000000, Narrow klass shift: 3
Compressed class space size: 1073741824 Address: 0x0000000100000000

Heap:
 garbage-first heap   total 262144K, used 134725K [0x0000000080000000, 0x0000000100000000)
  region size 1024K, 12 young (12288K), 2 survivors (2048K)
 Metaspace       used 146708K, capacity 150603K, committed 152024K, reserved 1181696K
  class space    used 17680K, capacity 19140K, committed 19456K, reserved 1048576K
Heap Regions: E=young(eden), S=young(survivor), O=old, HS=humongous(starts), HC=humongous(continues), CS=collection set, F=free, A=archive, TAMS=top-at-mark-start (previous, next)
|   0|0x0000000080000000, 0x0000000080100000, 0x0000000080100000|100%| O|  |TAMS 0x0000000080100000, 0x0000000080000000| Updating 
|   1|0x0000000080100000, 0x0000000080200000, 0x0000000080200000|100%| O|  |TAMS 0x0000000080200000, 0x0000000080100000| Updating 
|   2|0x0000000080200000, 0x0000000080300000, 0x0000000080300000|100%| O|  |TAMS 0x0000000080300000, 0x0000000080200000| Updating 
|   3|0x0000000080300000, 0x0000000080400000, 0x0000000080400000|100%|HS|  |TAMS 0x0000000080400000, 0x0000000080300000| Complete 
|   4|0x0000000080400000, 0x0000000080500000, 0x0000000080500000|100%|HC|  |TAMS 0x0000000080500000, 0x0000000080400000| Complete 
|   5|0x0000000080500000, 0x0000000080600000, 0x0000000080600000|100%|HC|  |TAMS 0x0000000080600000, 0x0000000080500000| Complete 
|   6|0x0000000080600000, 0x0000000080700000, 0x0000000080700000|100%| O|  |TAMS 0x0000000080700000, 0x0000000080600000| Updating 
|   7|0x0000000080700000, 0x0000000080800000, 0x0000000080800000|100%| O|  |TAMS 0x0000000080800000, 0x0000000080700000| Updating 
|   8|0x0000000080800000, 0x0000000080900000, 0x0000000080900000|100%| O|  |TAMS 0x0000000080900000, 0x0000000080800000| Updating 
|   9|0x0000000080900000, 0x0000000080a00000, 0x0000000080a00000|100%|HS|  |TAMS 0x0000000080a00000, 0x0000000080900000| Complete 
|  10|0x0000000080a00000, 0x0000000080b00000, 0x0000000080b00000|100%|HC|  |TAMS 0x0000000080b00000, 0x0000000080a00000| Complete 
|  11|0x0000000080b00000, 0x0000000080c00000, 0x0000000080c00000|100%|HS|  |TAMS 0x0000000080c00000, 0x0000000080b00000| Complete 
|  12|0x0000000080c00000, 0x0000000080d00000, 0x0000000080d00000|100%|HC|  |TAMS 0x0000000080d00000, 0x0000000080c00000| Complete 
|  13|0x0000000080d00000, 0x0000000080e00000, 0x0000000080e00000|100%|HC|  |TAMS 0x0000000080e00000, 0x0000000080d00000| Complete 
|  14|0x0000000080e00000, 0x0000000080f00000, 0x0000000080f00000|100%|HS|  |TAMS 0x0000000080f00000, 0x0000000080e00000| Complete 
|  15|0x0000000080f00000, 0x0000000081000000, 0x0000000081000000|100%|HC|  |TAMS 0x0000000081000000, 0x0000000080f00000| Complete 
|  16|0x0000000081000000, 0x0000000081100000, 0x0000000081100000|100%|HC|  |TAMS 0x0000000081100000, 0x0000000081000000| Complete 
|  17|0x0000000081100000, 0x0000000081200000, 0x0000000081200000|100%|HC|  |TAMS 0x0000000081200000, 0x0000000081100000| Complete 
|  18|0x0000000081200000, 0x0000000081300000, 0x0000000081300000|100%|HC|  |TAMS 0x0000000081300000, 0x0000000081200000| Complete 
|  19|0x0000000081300000, 0x0000000081400000, 0x0000000081400000|100%| O|  |TAMS 0x0000000081400000, 0x0000000081300000| Updating 
|  20|0x0000000081400000, 0x0000000081500000, 0x0000000081500000|100%| O|  |TAMS 0x0000000081500000, 0x0000000081400000| Updating 
|  21|0x0000000081500000, 0x0000000081600000, 0x0000000081600000|100%| O|  |TAMS 0x0000000081600000, 0x0000000081500000| Updating 
|  22|0x0000000081600000, 0x0000000081700000, 0x0000000081700000|100%| O|  |TAMS 0x0000000081700000, 0x0000000081600000| Updating 
|  23|0x0000000081700000, 0x0000000081800000, 0x0000000081800000|100%| O|  |TAMS 0x0000000081800000, 0x0000000081700000| Updating 
|  24|0x0000000081800000, 0x0000000081900000, 0x0000000081900000|100%| O|  |TAMS 0x0000000081900000, 0x0000000081800000| Updating 
|  25|0x0000000081900000, 0x0000000081a00000, 0x0000000081a00000|100%| O|  |TAMS 0x0000000081a00000, 0x0000000081900000| Updating 
|  26|0x0000000081a00000, 0x0000000081b00000, 0x0000000081b00000|100%|HS|  |TAMS 0x0000000081b00000, 0x0000000081a00000| Complete 
|  27|0x0000000081b00000, 0x0000000081c00000, 0x0000000081c00000|100%|HS|  |TAMS 0x0000000081c00000, 0x0000000081b00000| Complete 
|  28|0x0000000081c00000, 0x0000000081d00000, 0x0000000081d00000|100%| O|  |TAMS 0x0000000081d00000, 0x0000000081c00000| Updating 
|  29|0x0000000081d00000, 0x0000000081e00000, 0x0000000081e00000|100%| O|  |TAMS 0x0000000081e00000, 0x0000000081d00000| Updating 
|  30|0x0000000081e00000, 0x0000000081f00000, 0x0000000081f00000|100%| O|  |TAMS 0x0000000081f00000, 0x0000000081e00000| Updating 
|  31|0x0000000081f00000, 0x0000000082000000, 0x0000000082000000|100%| O|  |TAMS 0x0000000082000000, 0x0000000081f00000| Updating 
|  32|0x0000000082000000, 0x0000000082100000, 0x0000000082100000|100%| O|  |TAMS 0x0000000082100000, 0x0000000082000000| Updating 
|  33|0x0000000082100000, 0x0000000082200000, 0x0000000082200000|100%| O|  |TAMS 0x0000000082200000, 0x0000000082100000| Updating 
|  34|0x0000000082200000, 0x0000000082300000, 0x0000000082300000|100%| O|  |TAMS 0x0000000082300000, 0x0000000082200000| Updating 
|  35|0x0000000082300000, 0x0000000082300000, 0x0000000082400000|  0%| F|  |TAMS 0x0000000082300000, 0x0000000082300000| Untracked 
|  36|0x0000000082400000, 0x0000000082400000, 0x0000000082500000|  0%| F|  |TAMS 0x0000000082400000, 0x0000000082400000| Untracked 
|  37|0x0000000082500000, 0x0000000082600000, 0x0000000082600000|100%| O|  |TAMS 0x0000000082600000, 0x0000000082500000| Updating 
|  38|0x0000000082600000, 0x0000000082700000, 0x0000000082700000|100%| O|  |TAMS 0x0000000082700000, 0x0000000082600000| Updating 
|  39|0x0000000082700000, 0x0000000082800000, 0x0000000082800000|100%| O|  |TAMS 0x0000000082800000, 0x0000000082700000| Updating 
|  40|0x0000000082800000, 0x0000000082900000, 0x0000000082900000|100%| O|  |TAMS 0x0000000082900000, 0x0000000082800000| Updating 
|  41|0x0000000082900000, 0x0000000082a00000, 0x0000000082a00000|100%| O|  |TAMS 0x0000000082a00000, 0x0000000082900000| Updating 
|  42|0x0000000082a00000, 0x0000000082b00000, 0x0000000082b00000|100%| O|  |TAMS 0x0000000082b00000, 0x0000000082a00000| Updating 
|  43|0x0000000082b00000, 0x0000000082c00000, 0x0000000082c00000|100%| O|  |TAMS 0x0000000082c00000, 0x0000000082b00000| Updating 
|  44|0x0000000082c00000, 0x0000000082d00000, 0x0000000082d00000|100%|HS|  |TAMS 0x0000000082d00000, 0x0000000082c00000| Complete 
|  45|0x0000000082d00000, 0x0000000082e00000, 0x0000000082e00000|100%|HC|  |TAMS 0x0000000082e00000, 0x0000000082d00000| Complete 
|  46|0x0000000082e00000, 0x0000000082e00000, 0x0000000082f00000|  0%| F|  |TAMS 0x0000000082e00000, 0x0000000082e00000| Untracked 
|  47|0x0000000082f00000, 0x0000000083000000, 0x0000000083000000|100%| O|  |TAMS 0x0000000083000000, 0x0000000082f00000| Updating 
|  48|0x0000000083000000, 0x0000000083100000, 0x0000000083100000|100%| O|  |TAMS 0x0000000083100000, 0x0000000083000000| Updating 
|  49|0x0000000083100000, 0x0000000083100000, 0x0000000083200000|  0%| F|  |TAMS 0x0000000083100000, 0x0000000083100000| Untracked 
|  50|0x0000000083200000, 0x0000000083300000, 0x0000000083300000|100%| O|  |TAMS 0x0000000083300000, 0x0000000083200000| Updating 
|  51|0x0000000083300000, 0x0000000083400000, 0x0000000083400000|100%| O|  |TAMS 0x0000000083400000, 0x0000000083300000| Updating 
|  52|0x0000000083400000, 0x0000000083500000, 0x0000000083500000|100%| O|  |TAMS 0x0000000083500000, 0x0000000083400000| Updating 
|  53|0x0000000083500000, 0x0000000083600000, 0x0000000083600000|100%| O|  |TAMS 0x0000000083600000, 0x0000000083500000| Updating 
|  54|0x0000000083600000, 0x0000000083600000, 0x0000000083700000|  0%| F|  |TAMS 0x0000000083600000, 0x0000000083600000| Untracked 
|  55|0x0000000083700000, 0x0000000083800000, 0x0000000083800000|100%| O|  |TAMS 0x0000000083800000, 0x0000000083700000| Updating 
|  56|0x0000000083800000, 0x0000000083900000, 0x0000000083900000|100%| O|  |TAMS 0x0000000083900000, 0x0000000083800000| Updating 
|  57|0x0000000083900000, 0x0000000083a00000, 0x0000000083a00000|100%| O|  |TAMS 0x0000000083a00000, 0x0000000083900000| Updating 
|  58|0x0000000083a00000, 0x0000000083b00000, 0x0000000083b00000|100%| O|  |TAMS 0x0000000083b00000, 0x0000000083a00000| Updating 
|  59|0x0000000083b00000, 0x0000000083c00000, 0x0000000083c00000|100%| O|  |TAMS 0x0000000083c00000, 0x0000000083b00000| Updating 
|  60|0x0000000083c00000, 0x0000000083d00000, 0x0000000083d00000|100%| O|  |TAMS 0x0000000083d00000, 0x0000000083c00000| Updating 
|  61|0x0000000083d00000, 0x0000000083e00000, 0x0000000083e00000|100%| O|  |TAMS 0x0000000083e00000, 0x0000000083d00000| Updating 
|  62|0x0000000083e00000, 0x0000000083f00000, 0x0000000083f00000|100%| O|  |TAMS 0x0000000083f00000, 0x0000000083e00000| Updating 
|  63|0x0000000083f00000, 0x0000000084000000, 0x0000000084000000|100%| O|  |TAMS 0x0000000084000000, 0x0000000083f00000| Updating 
|  64|0x0000000084000000, 0x0000000084100000, 0x0000000084100000|100%| O|  |TAMS 0x0000000084100000, 0x0000000084000000| Updating 
|  65|0x0000000084100000, 0x0000000084200000, 0x0000000084200000|100%| O|  |TAMS 0x0000000084200000, 0x0000000084100000| Updating 
|  66|0x0000000084200000, 0x0000000084300000, 0x0000000084300000|100%| O|  |TAMS 0x0000000084300000, 0x0000000084200000| Updating 
|  67|0x0000000084300000, 0x0000000084300000, 0x0000000084400000|  0%| F|  |TAMS 0x0000000084300000, 0x0000000084300000| Untracked 
|  68|0x0000000084400000, 0x0000000084500000, 0x0000000084500000|100%| O|  |TAMS 0x0000000084500000, 0x0000000084400000| Updating 
|  69|0x0000000084500000, 0x0000000084600000, 0x0000000084600000|100%| O|  |TAMS 0x0000000084600000, 0x0000000084500000| Updating 
|  70|0x0000000084600000, 0x0000000084600000, 0x0000000084700000|  0%| F|  |TAMS 0x0000000084600000, 0x0000000084600000| Untracked 
|  71|0x0000000084700000, 0x0000000084800000, 0x0000000084800000|100%| O|  |TAMS 0x0000000084800000, 0x0000000084700000| Updating 
|  72|0x0000000084800000, 0x0000000084900000, 0x0000000084900000|100%| O|  |TAMS 0x0000000084900000, 0x0000000084800000| Updating 
|  73|0x0000000084900000, 0x0000000084a00000, 0x0000000084a00000|100%| O|  |TAMS 0x0000000084a00000, 0x0000000084900000| Updating 
|  74|0x0000000084a00000, 0x0000000084b00000, 0x0000000084b00000|100%| O|  |TAMS 0x0000000084b00000, 0x0000000084a00000| Updating 
|  75|0x0000000084b00000, 0x0000000084c00000, 0x0000000084c00000|100%| O|  |TAMS 0x0000000084c00000, 0x0000000084b00000| Updating 
|  76|0x0000000084c00000, 0x0000000084d00000, 0x0000000084d00000|100%| O|  |TAMS 0x0000000084d00000, 0x0000000084c00000| Updating 
|  77|0x0000000084d00000, 0x0000000084e00000, 0x0000000084e00000|100%| O|  |TAMS 0x0000000084e00000, 0x0000000084d00000| Updating 
|  78|0x0000000084e00000, 0x0000000084f00000, 0x0000000084f00000|100%| O|  |TAMS 0x0000000084f00000, 0x0000000084e00000| Updating 
|  79|0x0000000084f00000, 0x0000000085000000, 0x0000000085000000|100%| O|  |TAMS 0x0000000085000000, 0x0000000084f00000| Updating 
|  80|0x0000000085000000, 0x0000000085000000, 0x0000000085100000|  0%| F|  |TAMS 0x0000000085000000, 0x0000000085000000| Untracked 
|  81|0x0000000085100000, 0x0000000085200000, 0x0000000085200000|100%| O|  |TAMS 0x0000000085200000, 0x0000000085100000| Updating 
|  82|0x0000000085200000, 0x0000000085300000, 0x0000000085300000|100%| O|  |TAMS 0x0000000085300000, 0x0000000085200000| Updating 
|  83|0x0000000085300000, 0x0000000085400000, 0x0000000085400000|100%| O|  |TAMS 0x0000000085400000, 0x0000000085300000| Updating 
|  84|0x0000000085400000, 0x0000000085500000, 0x0000000085500000|100%| O|  |TAMS 0x0000000085500000, 0x0000000085400000| Updating 
|  85|0x0000000085500000, 0x0000000085600000, 0x0000000085600000|100%| O|  |TAMS 0x0000000085600000, 0x0000000085500000| Updating 
|  86|0x0000000085600000, 0x0000000085700000, 0x0000000085700000|100%| O|  |TAMS 0x0000000085700000, 0x0000000085600000| Updating 
|  87|0x0000000085700000, 0x0000000085800000, 0x0000000085800000|100%| O|  |TAMS 0x0000000085800000, 0x0000000085700000| Updating 
|  88|0x0000000085800000, 0x0000000085900000, 0x0000000085900000|100%| O|  |TAMS 0x0000000085900000, 0x0000000085800000| Updating 
|  89|0x0000000085900000, 0x0000000085a00000, 0x0000000085a00000|100%| O|  |TAMS 0x0000000085a00000, 0x0000000085900000| Updating 
|  90|0x0000000085a00000, 0x0000000085b00000, 0x0000000085b00000|100%| O|  |TAMS 0x0000000085b00000, 0x0000000085a00000| Updating 
|  91|0x0000000085b00000, 0x0000000085c00000, 0x0000000085c00000|100%| O|  |TAMS 0x0000000085c00000, 0x0000000085b00000| Updating 
|  92|0x0000000085c00000, 0x0000000085d00000, 0x0000000085d00000|100%| O|  |TAMS 0x0000000085d00000, 0x0000000085c00000| Updating 
|  93|0x0000000085d00000, 0x0000000085e00000, 0x0000000085e00000|100%| O|  |TAMS 0x0000000085e00000, 0x0000000085d00000| Updating 
|  94|0x0000000085e00000, 0x0000000085f00000, 0x0000000085f00000|100%| O|  |TAMS 0x0000000085f00000, 0x0000000085e00000| Updating 
|  95|0x0000000085f00000, 0x0000000086000000, 0x0000000086000000|100%| O|  |TAMS 0x0000000086000000, 0x0000000085f00000| Updating 
|  96|0x0000000086000000, 0x0000000086100000, 0x0000000086100000|100%| O|  |TAMS 0x0000000086100000, 0x0000000086000000| Updating 
|  97|0x0000000086100000, 0x0000000086200000, 0x0000000086200000|100%| O|  |TAMS 0x0000000086200000, 0x0000000086100000| Updating 
|  98|0x0000000086200000, 0x0000000086300000, 0x0000000086300000|100%| O|  |TAMS 0x0000000086300000, 0x0000000086200000| Updating 
|  99|0x0000000086300000, 0x0000000086400000, 0x0000000086400000|100%| O|  |TAMS 0x0000000086400000, 0x0000000086300000| Updating 
| 100|0x0000000086400000, 0x0000000086500000, 0x0000000086500000|100%| O|  |TAMS 0x0000000086500000, 0x0000000086400000| Updating 
| 101|0x0000000086500000, 0x0000000086500000, 0x0000000086600000|  0%| F|  |TAMS 0x0000000086500000, 0x0000000086500000| Untracked 
| 102|0x0000000086600000, 0x0000000086700000, 0x0000000086700000|100%| O|  |TAMS 0x0000000086700000, 0x0000000086600000| Updating 
| 103|0x0000000086700000, 0x0000000086700000, 0x0000000086800000|  0%| F|  |TAMS 0x0000000086700000, 0x0000000086700000| Untracked 
| 104|0x0000000086800000, 0x0000000086900000, 0x0000000086900000|100%| O|  |TAMS 0x0000000086900000, 0x0000000086800000| Updating 
| 105|0x0000000086900000, 0x0000000086a00000, 0x0000000086a00000|100%| O|  |TAMS 0x0000000086a00000, 0x0000000086900000| Updating 
| 106|0x0000000086a00000, 0x0000000086b00000, 0x0000000086b00000|100%| O|  |TAMS 0x0000000086b00000, 0x0000000086a00000| Updating 
| 107|0x0000000086b00000, 0x0000000086c00000, 0x0000000086c00000|100%| O|  |TAMS 0x0000000086c00000, 0x0000000086b00000| Updating 
| 108|0x0000000086c00000, 0x0000000086c91600, 0x0000000086d00000| 56%| O|  |TAMS 0x0000000086c91600, 0x0000000086c00000| Updating 
| 109|0x0000000086d00000, 0x0000000086d00000, 0x0000000086e00000|  0%| F|  |TAMS 0x0000000086d00000, 0x0000000086d00000| Untracked 
| 110|0x0000000086e00000, 0x0000000086f00000, 0x0000000086f00000|100%| O|  |TAMS 0x0000000086f00000, 0x0000000086e00000| Updating 
| 111|0x0000000086f00000, 0x0000000086f00000, 0x0000000087000000|  0%| F|  |TAMS 0x0000000086f00000, 0x0000000086f00000| Untracked 
| 112|0x0000000087000000, 0x0000000087100000, 0x0000000087100000|100%| O|  |TAMS 0x0000000087100000, 0x0000000087000000| Updating 
| 113|0x0000000087100000, 0x0000000087200000, 0x0000000087200000|100%| O|  |TAMS 0x0000000087200000, 0x0000000087100000| Updating 
| 114|0x0000000087200000, 0x0000000087300000, 0x0000000087300000|100%| O|  |TAMS 0x0000000087300000, 0x0000000087200000| Updating 
| 115|0x0000000087300000, 0x0000000087400000, 0x0000000087400000|100%| O|  |TAMS 0x0000000087400000, 0x0000000087300000| Updating 
| 116|0x0000000087400000, 0x0000000087500000, 0x0000000087500000|100%| O|  |TAMS 0x0000000087500000, 0x0000000087400000| Updating 
| 117|0x0000000087500000, 0x0000000087600000, 0x0000000087600000|100%| O|  |TAMS 0x0000000087600000, 0x0000000087500000| Updating 
| 118|0x0000000087600000, 0x0000000087700000, 0x0000000087700000|100%| O|  |TAMS 0x0000000087700000, 0x0000000087600000| Updating 
| 119|0x0000000087700000, 0x0000000087800000, 0x0000000087800000|100%| O|  |TAMS 0x0000000087800000, 0x0000000087700000| Updating 
| 120|0x0000000087800000, 0x0000000087800000, 0x0000000087900000|  0%| F|  |TAMS 0x0000000087800000, 0x0000000087800000| Untracked 
| 121|0x0000000087900000, 0x0000000087900000, 0x0000000087a00000|  0%| F|  |TAMS 0x0000000087900000, 0x0000000087900000| Untracked 
| 122|0x0000000087a00000, 0x0000000087a00000, 0x0000000087b00000|  0%| F|  |TAMS 0x0000000087a00000, 0x0000000087a00000| Untracked 
| 123|0x0000000087b00000, 0x0000000087c00000, 0x0000000087c00000|100%| O|  |TAMS 0x0000000087c00000, 0x0000000087b00000| Updating 
| 124|0x0000000087c00000, 0x0000000087d00000, 0x0000000087d00000|100%| O|  |TAMS 0x0000000087d00000, 0x0000000087c00000| Updating 
| 125|0x0000000087d00000, 0x0000000087e00000, 0x0000000087e00000|100%| O|  |TAMS 0x0000000087e00000, 0x0000000087d00000| Updating 
| 126|0x0000000087e00000, 0x0000000087e00000, 0x0000000087f00000|  0%| F|  |TAMS 0x0000000087e00000, 0x0000000087e00000| Untracked 
| 127|0x0000000087f00000, 0x0000000087f00000, 0x0000000088000000|  0%| F|  |TAMS 0x0000000087f00000, 0x0000000087f00000| Untracked 
| 128|0x0000000088000000, 0x0000000088000000, 0x0000000088100000|  0%| F|  |TAMS 0x0000000088000000, 0x0000000088000000| Untracked 
| 129|0x0000000088100000, 0x0000000088100000, 0x0000000088200000|  0%| F|  |TAMS 0x0000000088100000, 0x0000000088100000| Untracked 
| 130|0x0000000088200000, 0x0000000088200000, 0x0000000088300000|  0%| F|  |TAMS 0x0000000088200000, 0x0000000088200000| Untracked 
| 131|0x0000000088300000, 0x0000000088300000, 0x0000000088400000|  0%| F|  |TAMS 0x0000000088300000, 0x0000000088300000| Untracked 
| 132|0x0000000088400000, 0x0000000088400000, 0x0000000088500000|  0%| F|  |TAMS 0x0000000088400000, 0x0000000088400000| Untracked 
| 133|0x0000000088500000, 0x0000000088500000, 0x0000000088600000|  0%| F|  |TAMS 0x0000000088500000, 0x0000000088500000| Untracked 
| 134|0x0000000088600000, 0x0000000088700000, 0x0000000088700000|100%| O|  |TAMS 0x0000000088700000, 0x0000000088600000| Updating 
| 135|0x0000000088700000, 0x0000000088700000, 0x0000000088800000|  0%| F|  |TAMS 0x0000000088700000, 0x0000000088700000| Untracked 
| 136|0x0000000088800000, 0x0000000088900000, 0x0000000088900000|100%| O|  |TAMS 0x0000000088900000, 0x0000000088800000| Updating 
| 137|0x0000000088900000, 0x0000000088900000, 0x0000000088a00000|  0%| F|  |TAMS 0x0000000088900000, 0x0000000088900000| Untracked 
| 138|0x0000000088a00000, 0x0000000088a00000, 0x0000000088b00000|  0%| F|  |TAMS 0x0000000088a00000, 0x0000000088a00000| Untracked 
| 139|0x0000000088b00000, 0x0000000088b00000, 0x0000000088c00000|  0%| F|  |TAMS 0x0000000088b00000, 0x0000000088b00000| Untracked 
| 140|0x0000000088c00000, 0x0000000088c00000, 0x0000000088d00000|  0%| F|  |TAMS 0x0000000088c00000, 0x0000000088c00000| Untracked 
| 141|0x0000000088d00000, 0x0000000088d00000, 0x0000000088e00000|  0%| F|  |TAMS 0x0000000088d00000, 0x0000000088d00000| Untracked 
| 142|0x0000000088e00000, 0x0000000088e00000, 0x0000000088f00000|  0%| F|  |TAMS 0x0000000088e00000, 0x0000000088e00000| Untracked 
| 143|0x0000000088f00000, 0x0000000088f00000, 0x0000000089000000|  0%| F|  |TAMS 0x0000000088f00000, 0x0000000088f00000| Untracked 
| 144|0x0000000089000000, 0x0000000089000000, 0x0000000089100000|  0%| F|  |TAMS 0x0000000089000000, 0x0000000089000000| Untracked 
| 145|0x0000000089100000, 0x0000000089200000, 0x0000000089200000|100%| O|  |TAMS 0x0000000089200000, 0x0000000089100000| Updating 
| 146|0x0000000089200000, 0x0000000089300000, 0x0000000089300000|100%| O|  |TAMS 0x0000000089300000, 0x0000000089200000| Updating 
| 147|0x0000000089300000, 0x0000000089400000, 0x0000000089400000|100%| O|  |TAMS 0x0000000089400000, 0x0000000089300000| Updating 
| 148|0x0000000089400000, 0x0000000089500000, 0x0000000089500000|100%| O|  |TAMS 0x0000000089500000, 0x0000000089400000| Updating 
| 149|0x0000000089500000, 0x0000000089500000, 0x0000000089600000|  0%| F|  |TAMS 0x0000000089500000, 0x0000000089500000| Untracked 
| 150|0x0000000089600000, 0x0000000089600000, 0x0000000089700000|  0%| F|  |TAMS 0x0000000089600000, 0x0000000089600000| Untracked 
| 151|0x0000000089700000, 0x0000000089700000, 0x0000000089800000|  0%| F|  |TAMS 0x0000000089700000, 0x0000000089700000| Untracked 
| 152|0x0000000089800000, 0x0000000089800000, 0x0000000089900000|  0%| F|  |TAMS 0x0000000089800000, 0x0000000089800000| Untracked 
| 153|0x0000000089900000, 0x0000000089900000, 0x0000000089a00000|  0%| F|  |TAMS 0x0000000089900000, 0x0000000089900000| Untracked 
| 154|0x0000000089a00000, 0x0000000089a00000, 0x0000000089b00000|  0%| F|  |TAMS 0x0000000089a00000, 0x0000000089a00000| Untracked 
| 155|0x0000000089b00000, 0x0000000089b00000, 0x0000000089c00000|  0%| F|  |TAMS 0x0000000089b00000, 0x0000000089b00000| Untracked 
| 156|0x0000000089c00000, 0x0000000089c00000, 0x0000000089d00000|  0%| F|  |TAMS 0x0000000089c00000, 0x0000000089c00000| Untracked 
| 157|0x0000000089d00000, 0x0000000089d00000, 0x0000000089e00000|  0%| F|  |TAMS 0x0000000089d00000, 0x0000000089d00000| Untracked 
| 158|0x0000000089e00000, 0x0000000089e00000, 0x0000000089f00000|  0%| F|  |TAMS 0x0000000089e00000, 0x0000000089e00000| Untracked 
| 159|0x0000000089f00000, 0x0000000089f00000, 0x000000008a000000|  0%| F|  |TAMS 0x0000000089f00000, 0x0000000089f00000| Untracked 
| 160|0x000000008a000000, 0x000000008a000000, 0x000000008a100000|  0%| F|  |TAMS 0x000000008a000000, 0x000000008a000000| Untracked 
| 161|0x000000008a100000, 0x000000008a200000, 0x000000008a200000|100%| O|  |TAMS 0x000000008a200000, 0x000000008a100000| Updating 
| 162|0x000000008a200000, 0x000000008a300000, 0x000000008a300000|100%| O|  |TAMS 0x000000008a300000, 0x000000008a200000| Updating 
| 163|0x000000008a300000, 0x000000008a400000, 0x000000008a400000|100%| O|  |TAMS 0x000000008a400000, 0x000000008a300000| Updating 
| 164|0x000000008a400000, 0x000000008a400000, 0x000000008a500000|  0%| F|  |TAMS 0x000000008a400000, 0x000000008a400000| Untracked 
| 165|0x000000008a500000, 0x000000008a500000, 0x000000008a600000|  0%| F|  |TAMS 0x000000008a500000, 0x000000008a500000| Untracked 
| 166|0x000000008a600000, 0x000000008a600000, 0x000000008a700000|  0%| F|  |TAMS 0x000000008a600000, 0x000000008a600000| Untracked 
| 167|0x000000008a700000, 0x000000008a700000, 0x000000008a800000|  0%| F|  |TAMS 0x000000008a700000, 0x000000008a700000| Untracked 
| 168|0x000000008a800000, 0x000000008a800000, 0x000000008a900000|  0%| F|  |TAMS 0x000000008a800000, 0x000000008a800000| Untracked 
| 169|0x000000008a900000, 0x000000008a900000, 0x000000008aa00000|  0%| F|  |TAMS 0x000000008a900000, 0x000000008a900000| Untracked 
| 170|0x000000008aa00000, 0x000000008aa00000, 0x000000008ab00000|  0%| F|  |TAMS 0x000000008aa00000, 0x000000008aa00000| Untracked 
| 171|0x000000008ab00000, 0x000000008ab00000, 0x000000008ac00000|  0%| F|  |TAMS 0x000000008ab00000, 0x000000008ab00000| Untracked 
| 172|0x000000008ac00000, 0x000000008ac00000, 0x000000008ad00000|  0%| F|  |TAMS 0x000000008ac00000, 0x000000008ac00000| Untracked 
| 173|0x000000008ad00000, 0x000000008ae00000, 0x000000008ae00000|100%| O|  |TAMS 0x000000008ae00000, 0x000000008ad00000| Updating 
| 174|0x000000008ae00000, 0x000000008af00000, 0x000000008af00000|100%| S|CS|TAMS 0x000000008ae00000, 0x000000008ae00000| Complete 
| 175|0x000000008af00000, 0x000000008b000000, 0x000000008b000000|100%| S|CS|TAMS 0x000000008af00000, 0x000000008af00000| Complete 
| 176|0x000000008b000000, 0x000000008b000000, 0x000000008b100000|  0%| F|  |TAMS 0x000000008b000000, 0x000000008b000000| Untracked 
| 177|0x000000008b100000, 0x000000008b100000, 0x000000008b200000|  0%| F|  |TAMS 0x000000008b100000, 0x000000008b100000| Untracked 
| 178|0x000000008b200000, 0x000000008b200000, 0x000000008b300000|  0%| F|  |TAMS 0x000000008b200000, 0x000000008b200000| Untracked 
| 179|0x000000008b300000, 0x000000008b300000, 0x000000008b400000|  0%| F|  |TAMS 0x000000008b300000, 0x000000008b300000| Untracked 
| 180|0x000000008b400000, 0x000000008b400000, 0x000000008b500000|  0%| F|  |TAMS 0x000000008b400000, 0x000000008b400000| Untracked 
| 181|0x000000008b500000, 0x000000008b500000, 0x000000008b600000|  0%| F|  |TAMS 0x000000008b500000, 0x000000008b500000| Untracked 
| 182|0x000000008b600000, 0x000000008b600000, 0x000000008b700000|  0%| F|  |TAMS 0x000000008b600000, 0x000000008b600000| Untracked 
| 183|0x000000008b700000, 0x000000008b700000, 0x000000008b800000|  0%| F|  |TAMS 0x000000008b700000, 0x000000008b700000| Untracked 
| 184|0x000000008b800000, 0x000000008b800000, 0x000000008b900000|  0%| F|  |TAMS 0x000000008b800000, 0x000000008b800000| Untracked 
| 185|0x000000008b900000, 0x000000008b900000, 0x000000008ba00000|  0%| F|  |TAMS 0x000000008b900000, 0x000000008b900000| Untracked 
| 186|0x000000008ba00000, 0x000000008ba00000, 0x000000008bb00000|  0%| F|  |TAMS 0x000000008ba00000, 0x000000008ba00000| Untracked 
| 187|0x000000008bb00000, 0x000000008bb00000, 0x000000008bc00000|  0%| F|  |TAMS 0x000000008bb00000, 0x000000008bb00000| Untracked 
| 188|0x000000008bc00000, 0x000000008bc00000, 0x000000008bd00000|  0%| F|  |TAMS 0x000000008bc00000, 0x000000008bc00000| Untracked 
| 189|0x000000008bd00000, 0x000000008bd00000, 0x000000008be00000|  0%| F|  |TAMS 0x000000008bd00000, 0x000000008bd00000| Untracked 
| 190|0x000000008be00000, 0x000000008be00000, 0x000000008bf00000|  0%| F|  |TAMS 0x000000008be00000, 0x000000008be00000| Untracked 
| 191|0x000000008bf00000, 0x000000008bf00000, 0x000000008c000000|  0%| F|  |TAMS 0x000000008bf00000, 0x000000008bf00000| Untracked 
| 192|0x000000008c000000, 0x000000008c000000, 0x000000008c100000|  0%| F|  |TAMS 0x000000008c000000, 0x000000008c000000| Untracked 
| 193|0x000000008c100000, 0x000000008c100000, 0x000000008c200000|  0%| F|  |TAMS 0x000000008c100000, 0x000000008c100000| Untracked 
| 194|0x000000008c200000, 0x000000008c200000, 0x000000008c300000|  0%| F|  |TAMS 0x000000008c200000, 0x000000008c200000| Untracked 
| 195|0x000000008c300000, 0x000000008c300000, 0x000000008c400000|  0%| F|  |TAMS 0x000000008c300000, 0x000000008c300000| Untracked 
| 196|0x000000008c400000, 0x000000008c400000, 0x000000008c500000|  0%| F|  |TAMS 0x000000008c400000, 0x000000008c400000| Untracked 
| 197|0x000000008c500000, 0x000000008c500000, 0x000000008c600000|  0%| F|  |TAMS 0x000000008c500000, 0x000000008c500000| Untracked 
| 198|0x000000008c600000, 0x000000008c600000, 0x000000008c700000|  0%| F|  |TAMS 0x000000008c600000, 0x000000008c600000| Untracked 
| 199|0x000000008c700000, 0x000000008c700000, 0x000000008c800000|  0%| F|  |TAMS 0x000000008c700000, 0x000000008c700000| Untracked 
| 200|0x000000008c800000, 0x000000008c800000, 0x000000008c900000|  0%| F|  |TAMS 0x000000008c800000, 0x000000008c800000| Untracked 
| 201|0x000000008c900000, 0x000000008c900000, 0x000000008ca00000|  0%| F|  |TAMS 0x000000008c900000, 0x000000008c900000| Untracked 
| 202|0x000000008ca00000, 0x000000008ca00000, 0x000000008cb00000|  0%| F|  |TAMS 0x000000008ca00000, 0x000000008ca00000| Untracked 
| 203|0x000000008cb00000, 0x000000008cb00000, 0x000000008cc00000|  0%| F|  |TAMS 0x000000008cb00000, 0x000000008cb00000| Untracked 
| 204|0x000000008cc00000, 0x000000008cc00000, 0x000000008cd00000|  0%| F|  |TAMS 0x000000008cc00000, 0x000000008cc00000| Untracked 
| 205|0x000000008cd00000, 0x000000008cd00000, 0x000000008ce00000|  0%| F|  |TAMS 0x000000008cd00000, 0x000000008cd00000| Untracked 
| 206|0x000000008ce00000, 0x000000008ce00000, 0x000000008cf00000|  0%| F|  |TAMS 0x000000008ce00000, 0x000000008ce00000| Untracked 
| 207|0x000000008cf00000, 0x000000008cf00000, 0x000000008d000000|  0%| F|  |TAMS 0x000000008cf00000, 0x000000008cf00000| Untracked 
| 208|0x000000008d000000, 0x000000008d000000, 0x000000008d100000|  0%| F|  |TAMS 0x000000008d000000, 0x000000008d000000| Untracked 
| 209|0x000000008d100000, 0x000000008d100000, 0x000000008d200000|  0%| F|  |TAMS 0x000000008d100000, 0x000000008d100000| Untracked 
| 210|0x000000008d200000, 0x000000008d200000, 0x000000008d300000|  0%| F|  |TAMS 0x000000008d200000, 0x000000008d200000| Untracked 
| 211|0x000000008d300000, 0x000000008d300000, 0x000000008d400000|  0%| F|  |TAMS 0x000000008d300000, 0x000000008d300000| Untracked 
| 212|0x000000008d400000, 0x000000008d400000, 0x000000008d500000|  0%| F|  |TAMS 0x000000008d400000, 0x000000008d400000| Untracked 
| 213|0x000000008d500000, 0x000000008d500000, 0x000000008d600000|  0%| F|  |TAMS 0x000000008d500000, 0x000000008d500000| Untracked 
| 214|0x000000008d600000, 0x000000008d600000, 0x000000008d700000|  0%| F|  |TAMS 0x000000008d600000, 0x000000008d600000| Untracked 
| 215|0x000000008d700000, 0x000000008d700000, 0x000000008d800000|  0%| F|  |TAMS 0x000000008d700000, 0x000000008d700000| Untracked 
| 216|0x000000008d800000, 0x000000008d800000, 0x000000008d900000|  0%| F|  |TAMS 0x000000008d800000, 0x000000008d800000| Untracked 
| 217|0x000000008d900000, 0x000000008d900000, 0x000000008da00000|  0%| F|  |TAMS 0x000000008d900000, 0x000000008d900000| Untracked 
| 218|0x000000008da00000, 0x000000008da00000, 0x000000008db00000|  0%| F|  |TAMS 0x000000008da00000, 0x000000008da00000| Untracked 
| 219|0x000000008db00000, 0x000000008db00000, 0x000000008dc00000|  0%| F|  |TAMS 0x000000008db00000, 0x000000008db00000| Untracked 
| 220|0x000000008dc00000, 0x000000008dc00000, 0x000000008dd00000|  0%| F|  |TAMS 0x000000008dc00000, 0x000000008dc00000| Untracked 
| 221|0x000000008dd00000, 0x000000008dd00000, 0x000000008de00000|  0%| F|  |TAMS 0x000000008dd00000, 0x000000008dd00000| Untracked 
| 222|0x000000008de00000, 0x000000008de00000, 0x000000008df00000|  0%| F|  |TAMS 0x000000008de00000, 0x000000008de00000| Untracked 
| 223|0x000000008df00000, 0x000000008df00000, 0x000000008e000000|  0%| F|  |TAMS 0x000000008df00000, 0x000000008df00000| Untracked 
| 224|0x000000008e000000, 0x000000008e000000, 0x000000008e100000|  0%| F|  |TAMS 0x000000008e000000, 0x000000008e000000| Untracked 
| 225|0x000000008e100000, 0x000000008e100000, 0x000000008e200000|  0%| F|  |TAMS 0x000000008e100000, 0x000000008e100000| Untracked 
| 226|0x000000008e200000, 0x000000008e200000, 0x000000008e300000|  0%| F|  |TAMS 0x000000008e200000, 0x000000008e200000| Untracked 
| 227|0x000000008e300000, 0x000000008e300000, 0x000000008e400000|  0%| F|  |TAMS 0x000000008e300000, 0x000000008e300000| Untracked 
| 228|0x000000008e400000, 0x000000008e400000, 0x000000008e500000|  0%| F|  |TAMS 0x000000008e400000, 0x000000008e400000| Untracked 
| 229|0x000000008e500000, 0x000000008e500000, 0x000000008e600000|  0%| F|  |TAMS 0x000000008e500000, 0x000000008e500000| Untracked 
| 230|0x000000008e600000, 0x000000008e600000, 0x000000008e700000|  0%| F|  |TAMS 0x000000008e600000, 0x000000008e600000| Untracked 
| 231|0x000000008e700000, 0x000000008e700000, 0x000000008e800000|  0%| F|  |TAMS 0x000000008e700000, 0x000000008e700000| Untracked 
| 232|0x000000008e800000, 0x000000008e800000, 0x000000008e900000|  0%| F|  |TAMS 0x000000008e800000, 0x000000008e800000| Untracked 
| 233|0x000000008e900000, 0x000000008e900000, 0x000000008ea00000|  0%| F|  |TAMS 0x000000008e900000, 0x000000008e900000| Untracked 
| 234|0x000000008ea00000, 0x000000008ea00000, 0x000000008eb00000|  0%| F|  |TAMS 0x000000008ea00000, 0x000000008ea00000| Untracked 
| 235|0x000000008eb00000, 0x000000008eb00000, 0x000000008ec00000|  0%| F|  |TAMS 0x000000008eb00000, 0x000000008eb00000| Untracked 
| 236|0x000000008ec00000, 0x000000008ec00000, 0x000000008ed00000|  0%| F|  |TAMS 0x000000008ec00000, 0x000000008ec00000| Untracked 
| 237|0x000000008ed00000, 0x000000008ed00000, 0x000000008ee00000|  0%| F|  |TAMS 0x000000008ed00000, 0x000000008ed00000| Untracked 
| 238|0x000000008ee00000, 0x000000008ee00000, 0x000000008ef00000|  0%| F|  |TAMS 0x000000008ee00000, 0x000000008ee00000| Untracked 
| 239|0x000000008ef00000, 0x000000008ef00000, 0x000000008f000000|  0%| F|  |TAMS 0x000000008ef00000, 0x000000008ef00000| Untracked 
| 240|0x000000008f000000, 0x000000008f000000, 0x000000008f100000|  0%| F|  |TAMS 0x000000008f000000, 0x000000008f000000| Untracked 
| 241|0x000000008f100000, 0x000000008f100000, 0x000000008f200000|  0%| F|  |TAMS 0x000000008f100000, 0x000000008f100000| Untracked 
| 242|0x000000008f200000, 0x000000008f200000, 0x000000008f300000|  0%| F|  |TAMS 0x000000008f200000, 0x000000008f200000| Untracked 
| 243|0x000000008f300000, 0x000000008f300000, 0x000000008f400000|  0%| F|  |TAMS 0x000000008f300000, 0x000000008f300000| Untracked 
| 244|0x000000008f400000, 0x000000008f400000, 0x000000008f500000|  0%| F|  |TAMS 0x000000008f400000, 0x000000008f400000| Untracked 
| 245|0x000000008f500000, 0x000000008f500000, 0x000000008f600000|  0%| F|  |TAMS 0x000000008f500000, 0x000000008f500000| Untracked 
| 246|0x000000008f600000, 0x000000008f686e50, 0x000000008f700000| 52%| E|  |TAMS 0x000000008f600000, 0x000000008f600000| Complete 
| 247|0x000000008f700000, 0x000000008f800000, 0x000000008f800000|100%| E|CS|TAMS 0x000000008f700000, 0x000000008f700000| Complete 
| 248|0x000000008f800000, 0x000000008f900000, 0x000000008f900000|100%| E|CS|TAMS 0x000000008f800000, 0x000000008f800000| Complete 
| 249|0x000000008f900000, 0x000000008fa00000, 0x000000008fa00000|100%| E|CS|TAMS 0x000000008f900000, 0x000000008f900000| Complete 
| 250|0x000000008fa00000, 0x000000008fb00000, 0x000000008fb00000|100%| E|CS|TAMS 0x000000008fa00000, 0x000000008fa00000| Complete 
| 251|0x000000008fb00000, 0x000000008fc00000, 0x000000008fc00000|100%| E|CS|TAMS 0x000000008fb00000, 0x000000008fb00000| Complete 
| 252|0x000000008fc00000, 0x000000008fd00000, 0x000000008fd00000|100%| E|CS|TAMS 0x000000008fc00000, 0x000000008fc00000| Complete 
| 253|0x000000008fd00000, 0x000000008fe00000, 0x000000008fe00000|100%| E|CS|TAMS 0x000000008fd00000, 0x000000008fd00000| Complete 
| 254|0x000000008fe00000, 0x000000008ff00000, 0x000000008ff00000|100%| E|CS|TAMS 0x000000008fe00000, 0x000000008fe00000| Complete 
| 255|0x000000008ff00000, 0x0000000090000000, 0x0000000090000000|100%| E|CS|TAMS 0x000000008ff00000, 0x000000008ff00000| Complete 

Card table byte_map: [0x000001ebf2680000,0x000001ebf2a80000] _byte_map_base: 0x000001ebf2280000

Marking Bits (Prev, Next): (CMBitMap*) 0x000001ebe7d90428, (CMBitMap*) 0x000001ebe7d90460
 Prev Bits: [0x000001ebf2e80000, 0x000001ebf4e80000)
 Next Bits: [0x000001ebf4e80000, 0x000001ebf6e80000)

Polling page: 0x000001ebe7e30000

Metaspace:

Usage:
  Non-class:    128.40 MB capacity,   126.01 MB ( 98%) used,     1.90 MB (  1%) free+waste,   497.06 KB ( <1%) overhead. 
      Class:     18.70 MB capacity,    17.27 MB ( 92%) used,     1.22 MB (  7%) free+waste,   212.38 KB (  1%) overhead. 
       Both:    147.09 MB capacity,   143.28 MB ( 97%) used,     3.12 MB (  2%) free+waste,   709.44 KB ( <1%) overhead. 

Virtual space:
  Non-class space:      130.00 MB reserved,     129.46 MB (>99%) committed 
      Class space:        1.00 GB reserved,      19.00 MB (  2%) committed 
             Both:        1.13 GB reserved,     148.46 MB ( 13%) committed 

Chunk freelists:
   Non-Class:  962.00 KB
       Class:  244.00 KB
        Both:  1.18 MB

MaxMetaspaceSize: 17179869184.00 GB
CompressedClassSpaceSize: 1.00 GB
Initial GC threshold: 20.80 MB
Current GC threshold: 247.44 MB
CDS: off

CodeHeap 'non-profiled nmethods': size=120064Kb used=19823Kb max_used=19823Kb free=100241Kb
 bounds [0x000001eb87ac0000, 0x000001eb88e30000, 0x000001eb8f000000]
CodeHeap 'profiled nmethods': size=120000Kb used=57053Kb max_used=57995Kb free=62946Kb
 bounds [0x000001eb80590000, 0x000001eb83e40000, 0x000001eb87ac0000]
CodeHeap 'non-nmethods': size=5696Kb used=2495Kb max_used=2571Kb free=3200Kb
 bounds [0x000001eb80000000, 0x000001eb80290000, 0x000001eb80590000]
 total_blobs=26378 nmethods=25347 adapters=942
 compilation: enabled
              stopped_count=0, restarted_count=0
 full_count=0

Compilation events (20 events):
Event: 12735.693 Thread 0x000001ebfb3e1800 nmethod 29143 0x000001eb884ce710 code [0x000001eb884ce8c0, 0x000001eb884cee58]
Event: 12735.693 Thread 0x000001ebfb3e1800 29144       4       com.android.build.gradle.internal.utils.ViolatingPluginDetector$detect$violatingPlugins$1::invoke (91 bytes)
Event: 12735.695 Thread 0x000001ebf9dbd000 29145       3       org.gradle.api.internal.file.DefaultFilePropertyFactory$FixedDirectory::dir (42 bytes)
Event: 12735.695 Thread 0x000001ebf9dbd000 nmethod 29145 0x000001eb81fe3b10 code [0x000001eb81fe3d20, 0x000001eb81fe42e8]
Event: 12735.696 Thread 0x000001ebf9dbd000 29146       3       com.google.common.base.Splitter::splitToList (52 bytes)
Event: 12735.697 Thread 0x000001ebf9dbd000 nmethod 29146 0x000001eb82b3eb90 code [0x000001eb82b3eec0, 0x000001eb82b403e8]
Event: 12735.697 Thread 0x000001ebfb3e1800 nmethod 29144 0x000001eb884cdd90 code [0x000001eb884cdf40, 0x000001eb884ce4b8]
Event: 12735.698 Thread 0x000001ebfb3e1800 29147       4       com.android.build.api.artifact.impl.StorageProviderImpl::getStorage (57 bytes)
Event: 12735.700 Thread 0x000001ebfb3e1800 nmethod 29147 0x000001eb884cda10 code [0x000001eb884cdba0, 0x000001eb884cdc58]
Event: 12735.701 Thread 0x000001ebf9dbd000 29148       3       org.gradle.api.internal.DefaultNamedDomainObjectCollection::<init> (27 bytes)
Event: 12735.701 Thread 0x000001ebf9dbd000 nmethod 29148 0x000001eb82a0d510 code [0x000001eb82a0d720, 0x000001eb82a0ddd8]
Event: 12735.701 Thread 0x000001ebf9dbd000 29149       3       org.gradle.api.internal.DefaultNamedDomainObjectCollection$UnfilteredIndex::filter (10 bytes)
Event: 12735.702 Thread 0x000001ebf9dbd000 nmethod 29149 0x000001eb82adea90 code [0x000001eb82adec60, 0x000001eb82adef38]
Event: 12735.702 Thread 0x000001ebf9dbd000 29150       3       org.gradle.api.internal.DefaultNamedDomainObjectCollection$FilteredIndex::<init> (15 bytes)
Event: 12735.702 Thread 0x000001ebf9dbd000 nmethod 29150 0x000001eb82410790 code [0x000001eb82410940, 0x000001eb82410b58]
Event: 12735.702 Thread 0x000001ebfb3e1800 29151 %     4       org.gradle.api.internal.collections.DefaultPendingSource::removeByProvider @ 10 (50 bytes)
Event: 12735.706 Thread 0x000001ebf9dbd000 29154       1       com.android.builder.core.AbstractProductFlavor::getRenderscriptNdkModeEnabled (5 bytes)
Event: 12735.706 Thread 0x000001ebf9dbd000 nmethod 29154 0x000001eb884cd710 code [0x000001eb884cd8c0, 0x000001eb884cd978]
Event: 12735.706 Thread 0x000001ebf9dbd000 29155       3       kotlin.collections.ArraysKt___ArraysJvmKt::asList (17 bytes)
Event: 12735.707 Thread 0x000001ebf9dbd000 nmethod 29155 0x000001eb80972b90 code [0x000001eb80972e20, 0x000001eb80973818]

GC Heap History (20 events):
Event: 12278.900 GC heap before
{Heap before GC invocations=75 (full 0):
 garbage-first heap   total 262144K, used 131828K [0x0000000080000000, 0x0000000100000000)
  region size 1024K, 7 young (7168K), 1 survivors (1024K)
 Metaspace       used 146090K, capacity 149917K, committed 152024K, reserved 1181696K
  class space    used 17658K, capacity 19108K, committed 19456K, reserved 1048576K
}
Event: 12278.905 GC heap after
{Heap after GC invocations=76 (full 0):
 garbage-first heap   total 262144K, used 126713K [0x0000000080000000, 0x0000000100000000)
  region size 1024K, 1 young (1024K), 1 survivors (1024K)
 Metaspace       used 146090K, capacity 149917K, committed 152024K, reserved 1181696K
  class space    used 17658K, capacity 19108K, committed 19456K, reserved 1048576K
}
Event: 12298.673 GC heap before
{Heap before GC invocations=77 (full 0):
 garbage-first heap   total 262144K, used 196345K [0x0000000080000000, 0x0000000100000000)
  region size 1024K, 68 young (69632K), 1 survivors (1024K)
 Metaspace       used 146041K, capacity 149866K, committed 152024K, reserved 1181696K
  class space    used 17641K, capacity 19079K, committed 19456K, reserved 1048576K
}
Event: 12298.682 GC heap after
{Heap after GC invocations=78 (full 0):
 garbage-first heap   total 262144K, used 132989K [0x0000000080000000, 0x0000000100000000)
  region size 1024K, 7 young (7168K), 7 survivors (7168K)
 Metaspace       used 146041K, capacity 149866K, committed 152024K, reserved 1181696K
  class space    used 17641K, capacity 19079K, committed 19456K, reserved 1048576K
}
Event: 12298.816 GC heap before
{Heap before GC invocations=78 (full 0):
 garbage-first heap   total 262144K, used 138109K [0x0000000080000000, 0x0000000100000000)
  region size 1024K, 12 young (12288K), 7 survivors (7168K)
 Metaspace       used 146045K, capacity 149866K, committed 152024K, reserved 1181696K
  class space    used 17642K, capacity 19079K, committed 19456K, reserved 1048576K
}
Event: 12298.853 GC heap after
{Heap after GC invocations=79 (full 0):
 garbage-first heap   total 262144K, used 122124K [0x0000000080000000, 0x0000000100000000)
  region size 1024K, 2 young (2048K), 2 survivors (2048K)
 Metaspace       used 146045K, capacity 149866K, committed 152024K, reserved 1181696K
  class space    used 17642K, capacity 19079K, committed 19456K, reserved 1048576K
}
Event: 12402.002 GC heap before
{Heap before GC invocations=79 (full 0):
 garbage-first heap   total 262144K, used 189708K [0x0000000080000000, 0x0000000100000000)
  region size 1024K, 70 young (71680K), 2 survivors (2048K)
 Metaspace       used 146510K, capacity 150431K, committed 152024K, reserved 1181696K
  class space    used 17694K, capacity 19175K, committed 19456K, reserved 1048576K
}
Event: 12402.020 GC heap after
{Heap after GC invocations=80 (full 0):
 garbage-first heap   total 262144K, used 127414K [0x0000000080000000, 0x0000000100000000)
  region size 1024K, 7 young (7168K), 7 survivors (7168K)
 Metaspace       used 146510K, capacity 150431K, committed 152024K, reserved 1181696K
  class space    used 17694K, capacity 19175K, committed 19456K, reserved 1048576K
}
Event: 12403.763 GC heap before
{Heap before GC invocations=81 (full 0):
 garbage-first heap   total 262144K, used 205238K [0x0000000080000000, 0x0000000100000000)
  region size 1024K, 78 young (79872K), 7 survivors (7168K)
 Metaspace       used 146849K, capacity 150868K, committed 152024K, reserved 1181696K
  class space    used 17718K, capacity 19215K, committed 19456K, reserved 1048576K
}
Event: 12403.777 GC heap after
{Heap after GC invocations=82 (full 0):
 garbage-first heap   total 262144K, used 136325K [0x0000000080000000, 0x0000000100000000)
  region size 1024K, 5 young (5120K), 5 survivors (5120K)
 Metaspace       used 146849K, capacity 150868K, committed 152024K, reserved 1181696K
  class space    used 17718K, capacity 19215K, committed 19456K, reserved 1048576K
}
Event: 12403.835 GC heap before
{Heap before GC invocations=82 (full 0):
 garbage-first heap   total 262144K, used 143493K [0x0000000080000000, 0x0000000100000000)
  region size 1024K, 12 young (12288K), 5 survivors (5120K)
 Metaspace       used 146858K, capacity 150871K, committed 152024K, reserved 1181696K
  class space    used 17718K, capacity 19215K, committed 19456K, reserved 1048576K
}
Event: 12403.856 GC heap after
{Heap after GC invocations=83 (full 0):
 garbage-first heap   total 262144K, used 129024K [0x0000000080000000, 0x0000000100000000)
  region size 1024K, 2 young (2048K), 2 survivors (2048K)
 Metaspace       used 146858K, capacity 150871K, committed 152024K, reserved 1181696K
  class space    used 17718K, capacity 19215K, committed 19456K, reserved 1048576K
}
Event: 12446.693 GC heap before
{Heap before GC invocations=83 (full 0):
 garbage-first heap   total 262144K, used 202752K [0x0000000080000000, 0x0000000100000000)
  region size 1024K, 75 young (76800K), 2 survivors (2048K)
 Metaspace       used 147119K, capacity 151113K, committed 152024K, reserved 1181696K
  class space    used 17722K, capacity 19224K, committed 19456K, reserved 1048576K
}
Event: 12446.713 GC heap after
{Heap after GC invocations=84 (full 0):
 garbage-first heap   total 262144K, used 131306K [0x0000000080000000, 0x0000000100000000)
  region size 1024K, 7 young (7168K), 7 survivors (7168K)
 Metaspace       used 147119K, capacity 151113K, committed 152024K, reserved 1181696K
  class space    used 17722K, capacity 19224K, committed 19456K, reserved 1048576K
}
Event: 12693.502 GC heap before
{Heap before GC invocations=85 (full 0):
 garbage-first heap   total 262144K, used 205034K [0x0000000080000000, 0x0000000100000000)
  region size 1024K, 80 young (81920K), 7 survivors (7168K)
 Metaspace       used 146716K, capacity 150624K, committed 152024K, reserved 1181696K
  class space    used 17690K, capacity 19162K, committed 19456K, reserved 1048576K
}
Event: 12693.514 GC heap after
{Heap after GC invocations=86 (full 0):
 garbage-first heap   total 262144K, used 132671K [0x0000000080000000, 0x0000000100000000)
  region size 1024K, 6 young (6144K), 6 survivors (6144K)
 Metaspace       used 146716K, capacity 150624K, committed 152024K, reserved 1181696K
  class space    used 17690K, capacity 19162K, committed 19456K, reserved 1048576K
}
Event: 12693.570 GC heap before
{Heap before GC invocations=86 (full 0):
 garbage-first heap   total 262144K, used 138815K [0x0000000080000000, 0x0000000100000000)
  region size 1024K, 12 young (12288K), 6 survivors (6144K)
 Metaspace       used 146722K, capacity 150624K, committed 152024K, reserved 1181696K
  class space    used 17690K, capacity 19162K, committed 19456K, reserved 1048576K
}
Event: 12693.588 GC heap after
{Heap after GC invocations=87 (full 0):
 garbage-first heap   total 262144K, used 125509K [0x0000000080000000, 0x0000000100000000)
  region size 1024K, 1 young (1024K), 1 survivors (1024K)
 Metaspace       used 146722K, capacity 150624K, committed 152024K, reserved 1181696K
  class space    used 17690K, capacity 19162K, committed 19456K, reserved 1048576K
}
Event: 12735.575 GC heap before
{Heap before GC invocations=87 (full 0):
 garbage-first heap   total 262144K, used 205381K [0x0000000080000000, 0x0000000100000000)
  region size 1024K, 80 young (81920K), 1 survivors (1024K)
 Metaspace       used 146878K, capacity 150847K, committed 152024K, reserved 1181696K
  class space    used 17694K, capacity 19168K, committed 19456K, reserved 1048576K
}
Event: 12735.588 GC heap after
{Heap after GC invocations=88 (full 0):
 garbage-first heap   total 262144K, used 126533K [0x0000000080000000, 0x0000000100000000)
  region size 1024K, 2 young (2048K), 2 survivors (2048K)
 Metaspace       used 146878K, capacity 150847K, committed 152024K, reserved 1181696K
  class space    used 17694K, capacity 19168K, committed 19456K, reserved 1048576K
}

Deoptimization events (20 events):
Event: 12445.964 Thread 0x000001eb91885000 DEOPT PACKING pc=0x000001eb88c4881c sp=0x0000002eb9bf8750
Event: 12445.964 Thread 0x000001eb91885000 DEOPT UNPACKING pc=0x000001eb8004a1af sp=0x0000002eb9bf8700 mode 2
Event: 12693.517 Thread 0x000001ebfa4c5000 Uncommon trap: trap_request=0xffffff4d fr.pc=0x000001eb8843a08c relative=0x000000000000264c
Event: 12693.517 Thread 0x000001ebfa4c5000 Uncommon trap: reason=unstable_if action=reinterpret pc=0x000001eb8843a08c method=com.google.common.cache.LocalCache$Segment.expand()V @ 228 c2
Event: 12693.517 Thread 0x000001ebfa4c5000 DEOPT PACKING pc=0x000001eb8843a08c sp=0x0000002ebc4fa9c0
Event: 12693.517 Thread 0x000001ebfa4c5000 DEOPT UNPACKING pc=0x000001eb8004a1af sp=0x0000002ebc4fa8e0 mode 2
Event: 12717.421 Thread 0x000001eb9187e800 Uncommon trap: trap_request=0xffffffcc fr.pc=0x000001eb87cdd75c relative=0x000000000000037c
Event: 12717.421 Thread 0x000001eb9187e800 Uncommon trap: reason=intrinsic_or_type_checked_inlining action=make_not_entrant pc=0x000001eb87cdd75c method=com.google.common.collect.RegularImmutableSet.copyIntoArray([Ljava/lang/Object;I)I @ 11 c2
Event: 12717.421 Thread 0x000001eb9187e800 DEOPT PACKING pc=0x000001eb87cdd75c sp=0x0000002eb9bf8510
Event: 12717.421 Thread 0x000001eb9187e800 DEOPT UNPACKING pc=0x000001eb8004a1af sp=0x0000002eb9bf8368 mode 2
Event: 12735.458 Thread 0x000001eb9187e800 DEOPT PACKING pc=0x000001eb83b5f04e sp=0x0000002eb9bf9a20
Event: 12735.458 Thread 0x000001eb9187e800 DEOPT UNPACKING pc=0x000001eb8004a95e sp=0x0000002eb9bf8f78 mode 0
Event: 12735.459 Thread 0x000001eb9187e800 DEOPT PACKING pc=0x000001eb83b5f04e sp=0x0000002eb9bf99c0
Event: 12735.459 Thread 0x000001eb9187e800 DEOPT UNPACKING pc=0x000001eb8004a95e sp=0x0000002eb9bf8f10 mode 0
Event: 12735.542 Thread 0x000001eb9187e800 DEOPT PACKING pc=0x000001eb8108bcab sp=0x0000002eb9bf9610
Event: 12735.542 Thread 0x000001eb9187e800 DEOPT UNPACKING pc=0x000001eb8004a95e sp=0x0000002eb9bf8aa8 mode 0
Event: 12735.570 Thread 0x000001eb9187e800 Uncommon trap: trap_request=0xffffffbe fr.pc=0x000001eb87de3768 relative=0x0000000000000a48
Event: 12735.570 Thread 0x000001eb9187e800 Uncommon trap: reason=profile_predicate action=maybe_recompile pc=0x000001eb87de3768 method=com.google.common.collect.RegularImmutableMap.fromEntryArray(I[Ljava/util/Map$Entry;)Lcom/google/common/collect/ImmutableMap; @ 56 c2
Event: 12735.570 Thread 0x000001eb9187e800 DEOPT PACKING pc=0x000001eb87de3768 sp=0x0000002eb9bf8340
Event: 12735.570 Thread 0x000001eb9187e800 DEOPT UNPACKING pc=0x000001eb8004a1af sp=0x0000002eb9bf8308 mode 2

Classes redefined (0 events):
No events

Internal exceptions (20 events):
Event: 12692.582 Thread 0x000001eb9187e800 Exception <a 'sun/nio/fs/WindowsException'{0x000000008db8b210}> (0x000000008db8b210) thrown at [./src/hotspot/share/prims/jni.cpp, line 615]
Event: 12692.658 Thread 0x000001eb9187e800 Exception <a 'java/lang/NoClassDefFoundError'{0x000000008d8578f8}: org/jetbrains/kotlin/gradle/plugin/KotlinBasePluginWrapper> (0x000000008d8578f8) thrown at [./src/hotspot/share/oops/constantPool.cpp, line 775]
Event: 12692.768 Thread 0x000001eb9187e800 Exception <a 'sun/nio/fs/WindowsException'{0x000000008d69d410}> (0x000000008d69d410) thrown at [./src/hotspot/share/prims/jni.cpp, line 615]
Event: 12692.786 Thread 0x000001eb9187e800 Exception <a 'sun/nio/fs/WindowsException'{0x000000008d540940}> (0x000000008d540940) thrown at [./src/hotspot/share/prims/jni.cpp, line 615]
Event: 12692.786 Thread 0x000001eb9187e800 Exception <a 'sun/nio/fs/WindowsException'{0x000000008d541b68}> (0x000000008d541b68) thrown at [./src/hotspot/share/prims/jni.cpp, line 615]
Event: 12692.789 Thread 0x000001eb9187e800 Exception <a 'sun/nio/fs/WindowsException'{0x000000008d542de0}> (0x000000008d542de0) thrown at [./src/hotspot/share/prims/jni.cpp, line 615]
Event: 12692.789 Thread 0x000001eb9187e800 Exception <a 'sun/nio/fs/WindowsException'{0x000000008d544058}> (0x000000008d544058) thrown at [./src/hotspot/share/prims/jni.cpp, line 615]
Event: 12692.837 Thread 0x000001eb9187e800 Exception <a 'sun/nio/fs/WindowsException'{0x000000008d3c16a8}> (0x000000008d3c16a8) thrown at [./src/hotspot/share/prims/jni.cpp, line 615]
Event: 12693.736 Thread 0x000001ebfa4c2000 Exception <a 'sun/nio/fs/WindowsException'{0x000000008fe9a4d0}> (0x000000008fe9a4d0) thrown at [./src/hotspot/share/prims/jni.cpp, line 615]
Event: 12717.416 Thread 0x000001eb9187e800 Exception <a 'sun/nio/fs/WindowsException'{0x000000008eb93e70}> (0x000000008eb93e70) thrown at [./src/hotspot/share/prims/jni.cpp, line 615]
Event: 12717.453 Thread 0x000001eb9187e800 Exception <a 'java/lang/NoClassDefFoundError'{0x000000008e859dc0}: org/jetbrains/kotlin/gradle/plugin/KotlinBasePluginWrapper> (0x000000008e859dc0) thrown at [./src/hotspot/share/oops/constantPool.cpp, line 775]
Event: 12717.485 Thread 0x000001eb9187e800 Exception <a 'sun/nio/fs/WindowsException'{0x000000008e657e90}> (0x000000008e657e90) thrown at [./src/hotspot/share/prims/jni.cpp, line 615]
Event: 12717.493 Thread 0x000001eb9187e800 Exception <a 'sun/nio/fs/WindowsException'{0x000000008e6f13f8}> (0x000000008e6f13f8) thrown at [./src/hotspot/share/prims/jni.cpp, line 615]
Event: 12717.494 Thread 0x000001eb9187e800 Exception <a 'sun/nio/fs/WindowsException'{0x000000008e6f2620}> (0x000000008e6f2620) thrown at [./src/hotspot/share/prims/jni.cpp, line 615]
Event: 12717.494 Thread 0x000001eb9187e800 Exception <a 'sun/nio/fs/WindowsException'{0x000000008e6f3898}> (0x000000008e6f3898) thrown at [./src/hotspot/share/prims/jni.cpp, line 615]
Event: 12717.494 Thread 0x000001eb9187e800 Exception <a 'sun/nio/fs/WindowsException'{0x000000008e6f4b10}> (0x000000008e6f4b10) thrown at [./src/hotspot/share/prims/jni.cpp, line 615]
Event: 12717.532 Thread 0x000001eb9187e800 Exception <a 'sun/nio/fs/WindowsException'{0x000000008e36b408}> (0x000000008e36b408) thrown at [./src/hotspot/share/prims/jni.cpp, line 615]
Event: 12718.440 Thread 0x000001eb91883800 Exception <a 'sun/nio/fs/WindowsException'{0x000000008c081a98}> (0x000000008c081a98) thrown at [./src/hotspot/share/prims/jni.cpp, line 615]
Event: 12735.599 Thread 0x000001eb9187e800 Exception <a 'sun/nio/fs/WindowsException'{0x000000008ff9c8b0}> (0x000000008ff9c8b0) thrown at [./src/hotspot/share/prims/jni.cpp, line 615]
Event: 12735.674 Thread 0x000001eb9187e800 Exception <a 'java/lang/NoClassDefFoundError'{0x000000008fc6c390}: org/jetbrains/kotlin/gradle/plugin/KotlinBasePluginWrapper> (0x000000008fc6c390) thrown at [./src/hotspot/share/oops/constantPool.cpp, line 775]

Events (20 events):
Event: 12735.437 Thread 0x000001eb91881800 Thread added: 0x000001eb91881800
Event: 12735.437 Thread 0x000001eb91886000 Thread added: 0x000001eb91886000
Event: 12735.437 Thread 0x000001eb91883800 Thread added: 0x000001eb91883800
Event: 12735.443 Thread 0x000001eb91888000 Thread added: 0x000001eb91888000
Event: 12735.444 Executing VM operation: RevokeBias
Event: 12735.445 Executing VM operation: RevokeBias done
Event: 12735.453 Thread 0x000001eb9188a000 Thread added: 0x000001eb9188a000
Event: 12735.455 Thread 0x000001eb9188a800 Thread added: 0x000001eb9188a800
Event: 12735.461 Thread 0x000001eb91885000 Thread added: 0x000001eb91885000
Event: 12735.466 Thread 0x000001eb9188b800 Thread added: 0x000001eb9188b800
Event: 12735.481 Thread 0x000001ebfa4c0000 Thread added: 0x000001ebfa4c0000
Event: 12735.541 Thread 0x000001ebfa4bd800 Thread added: 0x000001ebfa4bd800
Event: 12735.542 Thread 0x000001ebfa4c6800 Thread added: 0x000001ebfa4c6800
Event: 12735.542 Executing VM operation: RevokeBias
Event: 12735.542 Executing VM operation: RevokeBias done
Event: 12735.542 Thread 0x000001ebfa4c2000 Thread added: 0x000001ebfa4c2000
Event: 12735.542 Thread 0x000001ebfa4c7800 Thread added: 0x000001ebfa4c7800
Event: 12735.575 Executing VM operation: G1CollectForAllocation
Event: 12735.588 Executing VM operation: G1CollectForAllocation done
Event: 12735.642 Thread 0x000001ebfb3e1800 Thread added: 0x000001ebfb3e1800


Dynamic libraries:
0x00007ff727170000 - 0x00007ff72717d000 	C:\Users\admin\.jdks\corretto-11.0.12\bin\java.exe
0x00007ff946bb0000 - 0x00007ff946da5000 	C:\WINDOWS\SYSTEM32\ntdll.dll
0x00007ff946340000 - 0x00007ff9463fe000 	C:\WINDOWS\System32\KERNEL32.DLL
0x00007ff944830000 - 0x00007ff944af8000 	C:\WINDOWS\System32\KERNELBASE.dll
0x00007ff944b00000 - 0x00007ff944c00000 	C:\WINDOWS\System32\ucrtbase.dll
0x00007ff91bef0000 - 0x00007ff91bf09000 	C:\Users\admin\.jdks\corretto-11.0.12\bin\VCRUNTIME140.dll
0x00007ff914be0000 - 0x00007ff914bf7000 	C:\Users\admin\.jdks\corretto-11.0.12\bin\jli.dll
0x00007ff9469c0000 - 0x00007ff946b61000 	C:\WINDOWS\System32\USER32.dll
0x00007ff944480000 - 0x00007ff9444a2000 	C:\WINDOWS\System32\win32u.dll
0x00007ff944fe0000 - 0x00007ff94500b000 	C:\WINDOWS\System32\GDI32.dll
0x00007ff944560000 - 0x00007ff94466b000 	C:\WINDOWS\System32\gdi32full.dll
0x00007ff9443e0000 - 0x00007ff94447d000 	C:\WINDOWS\System32\msvcp_win.dll
0x00007ff930500000 - 0x00007ff93079a000 	C:\WINDOWS\WinSxS\amd64_microsoft.windows.common-controls_6595b64144ccf1df_6.0.19041.1110_none_60b5254171f9507e\COMCTL32.dll
0x00007ff944c00000 - 0x00007ff944c9e000 	C:\WINDOWS\System32\msvcrt.dll
0x00007ff9451a0000 - 0x00007ff9451d0000 	C:\WINDOWS\System32\IMM32.DLL
0x00007ff8d2350000 - 0x00007ff8d23eb000 	C:\Users\admin\.jdks\corretto-11.0.12\bin\msvcp140.dll
0x00007ff8d17f0000 - 0x00007ff8d234a000 	C:\Users\admin\.jdks\corretto-11.0.12\bin\server\jvm.dll
0x00007ff9459c0000 - 0x00007ff945a6c000 	C:\WINDOWS\System32\ADVAPI32.dll
0x00007ff9462a0000 - 0x00007ff94633b000 	C:\WINDOWS\System32\sechost.dll
0x00007ff9460c0000 - 0x00007ff9461ea000 	C:\WINDOWS\System32\RPCRT4.dll
0x00007ff944dc0000 - 0x00007ff944dc8000 	C:\WINDOWS\System32\PSAPI.DLL
0x00007ff92d770000 - 0x00007ff92d779000 	C:\WINDOWS\SYSTEM32\WSOCK32.dll
0x00007ff943e50000 - 0x00007ff943e5a000 	C:\WINDOWS\SYSTEM32\VERSION.dll
0x00007ff9307a0000 - 0x00007ff9307c7000 	C:\WINDOWS\SYSTEM32\WINMM.dll
0x00007ff945130000 - 0x00007ff94519b000 	C:\WINDOWS\System32\WS2_32.dll
0x00007ff942e60000 - 0x00007ff942e72000 	C:\WINDOWS\SYSTEM32\kernel.appcore.dll
0x00007ff931860000 - 0x00007ff931870000 	C:\Users\admin\.jdks\corretto-11.0.12\bin\verify.dll
0x00007ff942b40000 - 0x00007ff942d24000 	C:\WINDOWS\SYSTEM32\DBGHELP.DLL
0x00007ff92e0c0000 - 0x00007ff92e0ec000 	C:\WINDOWS\SYSTEM32\dbgcore.DLL
0x00007ff9442d0000 - 0x00007ff944353000 	C:\WINDOWS\System32\bcryptPrimitives.dll
0x00007ff90d4e0000 - 0x00007ff90d508000 	C:\Users\admin\.jdks\corretto-11.0.12\bin\java.dll
0x00007ff931760000 - 0x00007ff93176a000 	C:\Users\admin\.jdks\corretto-11.0.12\bin\jimage.dll
0x00007ff914200000 - 0x00007ff914217000 	C:\Users\admin\.jdks\corretto-11.0.12\bin\zip.dll
0x00007ff9451d0000 - 0x00007ff94590f000 	C:\WINDOWS\System32\SHELL32.dll
0x00007ff942000000 - 0x00007ff942790000 	C:\WINDOWS\SYSTEM32\windows.storage.dll
0x00007ff9464b0000 - 0x00007ff946805000 	C:\WINDOWS\System32\combase.dll
0x00007ff943cb0000 - 0x00007ff943cde000 	C:\WINDOWS\SYSTEM32\Wldp.dll
0x00007ff945910000 - 0x00007ff9459bd000 	C:\WINDOWS\System32\SHCORE.dll
0x00007ff945010000 - 0x00007ff945065000 	C:\WINDOWS\System32\shlwapi.dll
0x00007ff944210000 - 0x00007ff94422f000 	C:\WINDOWS\SYSTEM32\profapi.dll
0x00007ff913af0000 - 0x00007ff913b09000 	C:\Users\admin\.jdks\corretto-11.0.12\bin\net.dll
0x00007ff93bbe0000 - 0x00007ff93bcec000 	C:\WINDOWS\SYSTEM32\WINHTTP.dll
0x00007ff9439c0000 - 0x00007ff943a2a000 	C:\WINDOWS\system32\mswsock.dll
0x00007ff90e960000 - 0x00007ff90e972000 	C:\Users\admin\.jdks\corretto-11.0.12\bin\nio.dll
0x00007ff9277b0000 - 0x00007ff9277d7000 	D:\gradle\.gradle\native\8bec1ad78214c89d9ad589b4d07fe93259594b29d510b10fafb7a158f7737e5d\windows-amd64\native-platform.dll
0x00007ff8d2590000 - 0x00007ff8d26cd000 	D:\gradle\.gradle\native\53dbd7edfb1c66fb8903c78663c9afc45aea4f116125fa6feffd364cf09443e8\windows-amd64\native-platform-file-events.dll
0x00007ff92dae0000 - 0x00007ff92dae9000 	C:\Users\admin\.jdks\corretto-11.0.12\bin\management.dll
0x00007ff92da70000 - 0x00007ff92da7b000 	C:\Users\admin\.jdks\corretto-11.0.12\bin\management_ext.dll
0x00007ff943c00000 - 0x00007ff943c18000 	C:\WINDOWS\SYSTEM32\CRYPTSP.dll
0x00007ff9432c0000 - 0x00007ff9432f4000 	C:\WINDOWS\system32\rsaenh.dll
0x00007ff9443b0000 - 0x00007ff9443d7000 	C:\WINDOWS\System32\bcrypt.dll
0x00007ff9441d0000 - 0x00007ff9441fe000 	C:\WINDOWS\SYSTEM32\USERENV.dll
0x00007ff943c20000 - 0x00007ff943c2c000 	C:\WINDOWS\SYSTEM32\CRYPTBASE.dll
0x00007ff943690000 - 0x00007ff9436cb000 	C:\WINDOWS\SYSTEM32\IPHLPAPI.DLL
0x00007ff944fd0000 - 0x00007ff944fd8000 	C:\WINDOWS\System32\NSI.dll
0x00007ff93c560000 - 0x00007ff93c577000 	C:\WINDOWS\SYSTEM32\dhcpcsvc6.DLL
0x00007ff93c880000 - 0x00007ff93c89d000 	C:\WINDOWS\SYSTEM32\dhcpcsvc.DLL
0x00007ff9436e0000 - 0x00007ff9437ab000 	C:\WINDOWS\SYSTEM32\DNSAPI.dll
0x00007ff92d570000 - 0x00007ff92d57e000 	C:\Users\admin\.jdks\corretto-11.0.12\bin\sunmscapi.dll
0x00007ff944670000 - 0x00007ff9447c6000 	C:\WINDOWS\System32\CRYPT32.dll
0x00007ff943d20000 - 0x00007ff943d47000 	C:\WINDOWS\SYSTEM32\ncrypt.dll
0x00007ff943ce0000 - 0x00007ff943d1b000 	C:\WINDOWS\SYSTEM32\NTASN1.dll
0x00007ff927820000 - 0x00007ff927845000 	C:\Users\admin\.jdks\corretto-11.0.12\bin\sunec.dll
0x00007ff92fe90000 - 0x00007ff92fe9a000 	C:\Windows\System32\rasadhlp.dll
0x00007ff9307d0000 - 0x00007ff93084f000 	C:\WINDOWS\System32\fwpuclnt.dll

dbghelp: loaded successfully - version: 4.0.5 - missing functions: none
symbol engine: initialized successfully - sym options: 0x614 - pdb path: .;C:\Users\admin\.jdks\corretto-11.0.12\bin;C:\WINDOWS\SYSTEM32;C:\WINDOWS\WinSxS\amd64_microsoft.windows.common-controls_6595b64144ccf1df_6.0.19041.1110_none_60b5254171f9507e;C:\Users\admin\.jdks\corretto-11.0.12\bin\server;D:\gradle\.gradle\native\8bec1ad78214c89d9ad589b4d07fe93259594b29d510b10fafb7a158f7737e5d\windows-amd64;D:\gradle\.gradle\native\53dbd7edfb1c66fb8903c78663c9afc45aea4f116125fa6feffd364cf09443e8\windows-amd64

VM Arguments:
jvm_args: --add-opens=java.base/java.util=ALL-UNNAMED --add-opens=java.base/java.lang=ALL-UNNAMED --add-opens=java.base/java.lang.invoke=ALL-UNNAMED --add-opens=java.base/java.util=ALL-UNNAMED --add-opens=java.prefs/java.util.prefs=ALL-UNNAMED --add-opens=java.prefs/java.util.prefs=ALL-UNNAMED --add-opens=java.base/java.nio.charset=ALL-UNNAMED --add-opens=java.base/java.net=ALL-UNNAMED --add-opens=java.base/java.util.concurrent.atomic=ALL-UNNAMED -Xmx2048m -Dfile.encoding=UTF-8 -Duser.country=CN -Duser.language=zh -Duser.variant 
java_command: org.gradle.launcher.daemon.bootstrap.GradleDaemon 7.0.2
java_class_path (initial): D:\gradle\.gradle\wrapper\dists\gradle-7.0.2-bin\857tjihv64xamwrf0h14cai3r\gradle-7.0.2\lib\gradle-launcher-7.0.2.jar
Launcher Type: SUN_STANDARD

[Global flags]
     intx CICompilerCount                          = 3                                         {product} {ergonomic}
     uint ConcGCThreads                            = 1                                         {product} {ergonomic}
     uint G1ConcRefinementThreads                  = 4                                         {product} {ergonomic}
   size_t G1HeapRegionSize                         = 1048576                                   {product} {ergonomic}
    uintx GCDrainStackTargetSize                   = 64                                        {product} {ergonomic}
   size_t InitialHeapSize                          = 268435456                                 {product} {ergonomic}
   size_t MarkStackSize                            = 4194304                                   {product} {ergonomic}
   size_t MaxHeapSize                              = 2147483648                                {product} {command line}
   size_t MaxNewSize                               = 1287651328                                {product} {ergonomic}
   size_t MinHeapDeltaBytes                        = 1048576                                   {product} {ergonomic}
    uintx NonNMethodCodeHeapSize                   = 5830732                                {pd product} {ergonomic}
    uintx NonProfiledCodeHeapSize                  = 122913754                              {pd product} {ergonomic}
    uintx ProfiledCodeHeapSize                     = 122913754                              {pd product} {ergonomic}
    uintx ReservedCodeCacheSize                    = 251658240                              {pd product} {ergonomic}
     bool SegmentedCodeCache                       = true                                      {product} {ergonomic}
     bool UseCompressedClassPointers               = true                                 {lp64_product} {ergonomic}
     bool UseCompressedOops                        = true                                 {lp64_product} {ergonomic}
     bool UseG1GC                                  = true                                      {product} {ergonomic}
     bool UseLargePagesIndividualAllocation        = false                                  {pd product} {ergonomic}

Logging:
Log output configuration:
 #0: stdout all=warning uptime,level,tags
 #1: stderr all=off uptime,level,tags

Environment Variables:
JAVA_HOME=C:\Program Files\Java\jdk1.8.0_91
CLASSPATH=.;C:\Program Files\Java\jdk1.8.0_91\lib;C:\Program Files\Java\jdk1.8.0_91\lib\tools.jar
PATH=C:\Program Files (x86)\Common Files\Oracle\Java\javapath;D:\oracle_install_zip\bin;E:\gitHubPro\oracle\bin;C:\ProgramData\Oracle\Java\javapath;D:\oracle\product\11.2.0\dbhome_1\bin;C:\WINDOWS\system32;C:\WINDOWS;C:\WINDOWS\System32\Wbem;C:\Windows\system32;C:\Windows;C:\Windows\System32\Wbem;C:\Windows\System32\WindowsPowerShell\v1.0\;C:\Program Files (x86)\NVIDIA Corporation\PhysX\Common;C:\Program Files\Java\jdk1.8.0_91\bin;C:\Program Files\Java\jdk1.8.0_91\jre\bin;D:\androidStudio\gradle\gradle-4.1\bin;D:\apache-maven-3.2.3\bin;"D:\androidStudio\gradle\gradle-4.1\bin;";C:\WINDOWS\System32\WindowsPowerShell\v1.0\;C:\WINDOWS\System32\OpenSSH\;D:\apache-tomcat-9.0.30\bin;D:\apache-tomcat-9.0.30\lib;C:\Program Files\NVIDIA Corporation\NVIDIA NvDLISR;C:\Users\admin\.gradle\wrapper\dists\gradle-5.6.2-all\9st6wgf78h16so49nn74lgtbb\gradle-5.6.2\bin;D:\Program Files\MongoDB\Server\4.4\bin;D:\Program Files\TortoiseGit\bin;D:\Program Files\java\gradle\gradle-6.6.1\bin;C:\WINDOWS\system32;C:\WINDOWS;C:\WINDOWS\System32\Wbem;C:\WINDOWS\System32\WindowsPowerShell\v1.0\;C:\WINDOWS\System32\OpenSSH\;C:\Program Files\nodejs\;c:\Program Files (x86)\Intel\Intel(R) Management Engine Components\DAL;c:\Program Files\Intel\Intel(R) Management Engine Components\DAL;D:\mysql-5.7.23-winx64\bin;C:\Program Files\Git\cmd;D:\flutter\bin;D:\androidSdk\sdk\platform-tools;D:\androidSdk\sdk\platform-tools;;C:\Users\admin\AppData\Local\Microsoft\WindowsApps;C:\Users\admin\AppData\Roaming\npm;D:\mysql-5.7.23-winx64\bin;
USERNAME=admin
OS=Windows_NT
PROCESSOR_IDENTIFIER=Intel64 Family 6 Model 142 Stepping 9, GenuineIntel



---------------  S Y S T E M  ---------------

OS: Windows 10 , 64 bit Build 19041 (10.0.19041.1348)
OS uptime: 1 days 6:10 hours

CPU:total 4 (initial active 4) (2 cores per cpu, 2 threads per core) family 6 model 142 stepping 9 microcode 0xb4, cmov, cx8, fxsr, mmx, sse, sse2, sse3, ssse3, sse4.1, sse4.2, popcnt, avx, avx2, aes, clmul, erms, 3dnowpref, lzcnt, ht, tsc, tscinvbit, bmi1, bmi2, adx, fma

Memory: 4k page, system-wide physical 16286M (5722M free)
TotalPageFile size 50364M (AvailPageFile size 5M)
current process WorkingSet (physical memory assigned to process): 572M, peak: 610M
current process commit charge ("private bytes"): 650M, peak: 689M

vm_info: OpenJDK 64-Bit Server VM (11.0.12+7-LTS) for windows-amd64 JRE (11.0.12+7-LTS), built on Jul 13 2021 17:58:36 by "Administrator" with unknown MS VC++:1916

END.
